Error: CCI compilation error -c:\users\smst-n-72.desktop-c7ijnlv\documents\vugen\scripts\webhttphtml1\\pre_cci.c: Action.c:4: error: syntax error; found `;' expecting `)'.	[MsgId: MERR-19799]
Error: CCI compilation error -c:\users\smst-n-72.desktop-c7ijnlv\documents\vugen\scripts\webhttphtml1\\pre_cci.c: Action.c:5: error: illegal expression.	[MsgId: MERR-19799]
Error: CCI compilation error -c:\users\smst-n-72.desktop-c7ijnlv\documents\vugen\scripts\webhttphtml1\\pre_cci.c: Action.c:5: error: syntax error; found `s' expecting `)'.	[MsgId: MERR-19799]
Error: CCI compilation error -c:\users\smst-n-72.desktop-c7ijnlv\documents\vugen\scripts\webhttphtml1\\pre_cci.c: Action.c:5: error: syntax error; found `s' expecting `;'.	[MsgId: MERR-19799]
Error: CCI compilation error -c:\users\smst-n-72.desktop-c7ijnlv\documents\vugen\scripts\webhttphtml1\\pre_cci.c: Action.c:5: error: undeclared identifier `s'.	[MsgId: MERR-19799]
Error: CCI compilation error -c:\users\smst-n-72.desktop-c7ijnlv\documents\vugen\scripts\webhttphtml1\\pre_cci.c: Action.c:5: warning: expression with no effect elided.	[MsgId: MERR-19799]
Error: CCI compilation error -c:\users\smst-n-72.desktop-c7ijnlv\documents\vugen\scripts\webhttphtml1\\pre_cci.c: c:\\users\\smst-n-72.desktop-c7ijnlv\\documents\\vugen\\scripts\\webhttphtml1\\\\combined_WebHttpHtml1.c:6: error: 5 errors, not writing pre_cci.ci.	[MsgId: MERR-19799]
Error: Vuser compilation failed. Please set CCIDebug to Off in CCI section of mdrv.dat file.	[MsgId: MERR-19797]
Warning: Extension cciext.dll reports error -19797 on call to function ExtPerProcessInitialize	[MsgId: MWAR-10485]
Error: Thread Context: Call to service of the driver failed, reason - thread context wasn't initialized on this thread.	[MsgId: MERR-10176]
